<?xml version="1.0" encoding="UTF-8" standalone="no"?><testsuite errors="0" failures="0" name="com.serenitydojo.wordle.integrationtests.api.GettingHintsTest" skipped="0" tests="3" time="0.67" timestamp="2024-03-12 07:14:32"><testcase classname="com.serenitydojo.wordle.integrationtests.api.GettingHintsTest" name="Hints should include &quot;The word starts with the letter B&quot;"/><testcase classname="com.serenitydojo.wordle.integrationtests.api.GettingHintsTest" name="Hints should include &quot;The word ends with the letter D&quot;"/><testcase classname="com.serenitydojo.wordle.integrationtests.api.GettingHintsTest" name="Hints should include &quot;The word contains 1 vowel&quot;"/></testsuite>