<?xml version="1.0" encoding="UTF-8" standalone="no"?><testsuite errors="0" failures="0" name="com.serenitydojo.wordle.integrationtests.api.PlayingTheGameTest" skipped="0" tests="6" time="1.14" timestamp="2024-03-12 07:14:32"><testcase classname="com.serenitydojo.wordle.integrationtests.api.PlayingTheGameTest" name="[1] word=CRYPT, guess=CRYPT, cell1=GREEN, cell2=GREEN, cell3=GREEN, cell4=GREEN, cell5=GREEN"/><testcase classname="com.serenitydojo.wordle.integrationtests.api.PlayingTheGameTest" name="[2] word=CRYPT, guess=BOARD, cell1=GRAY, cell2=GRAY, cell3=GRAY, cell4=YELLOW, cell5=GRAY"/><testcase classname="com.serenitydojo.wordle.integrationtests.api.PlayingTheGameTest" name="[3] word=CRYPT, guess=CROWN, cell1=GREEN, cell2=GREEN, cell3=GRAY, cell4=GRAY, cell5=GRAY"/><testcase classname="com.serenitydojo.wordle.integrationtests.api.PlayingTheGameTest" name="When the word is CRYPT and the guess is ORGAN, the row is GRAY, GREEN, GRAY, GRAY, GRAY"/><testcase classname="com.serenitydojo.wordle.integrationtests.api.PlayingTheGameTest" name="When the word is CRYPT and the guess is BRACE, the row is GRAY, GREEN, GRAY, YELLOW, GRAY"/><testcase classname="com.serenitydojo.wordle.integrationtests.api.PlayingTheGameTest" name="When the word is CRYPT and the guess is CRYPT, the row is GREEN, GREEN, GREEN, GREEN, GREEN"/></testsuite>