<?xml version="1.0" encoding="UTF-8" standalone="no"?><testsuite errors="0" failures="0" name="Game Rules" skipped="0" tests="8" time="0.65" timestamp="2023-07-11 05:55:35"><testcase name="Letters that do not form valid words should be rejected"/><testcase name="Player runs out of tries"/><testcase name="Correctly placed letters"/><testcase name="Two incorrectly placed letters"/><testcase name="Letters that are present but not in the right place"/><testcase name="Player guesses the right word"/></testsuite>