<?xml version="1.0" encoding="UTF-8"?><testsuite errors="0" failures="0" name="Playing Wordle" skipped="0" tests="8" time="0.15" timestamp="2022-08-06 12:43:43"><testcase name="Correctly placed letters"/><testcase name="Letters that are present but not in the right place"/><testcase name="Letters that do not form valid words should be rejected"/><testcase name="Two incorrectly placed letters"/><testcase name="Player guesses the right word"/><testcase name="Player runs out of tries"/></testsuite>