<?xml version="1.0" encoding="UTF-8" standalone="no"?><testsuite errors="0" failures="0" name="com.serenitydojo.wordle.integrationtests.api.PlayingTheGameTest" skipped="0" tests="6" time="0.7" timestamp="2024-01-16 05:58:02"><testcase classname="com.serenitydojo.wordle.integrationtests.api.PlayingTheGameTest" name="Should render each letter with the appropriate color"/><testcase classname="com.serenitydojo.wordle.integrationtests.api.PlayingTheGameTest" name="Should show row of colored cells"/></testsuite>