<?xml version="1.0" encoding="UTF-8" standalone="no"?><testsuite errors="0" failures="0" name="Game Rules" skipped="0" tests="8" time="0.66" timestamp="2023-07-11 06:20:51"><testcase name="Correctly placed letters"/><testcase name="Player runs out of tries"/><testcase name="Letters that do not form valid words should be rejected"/><testcase name="Two incorrectly placed letters"/><testcase name="Player guesses the right word"/><testcase name="Letters that are present but not in the right place"/></testsuite>