<?xml version="1.0" encoding="UTF-8" standalone="no"?><testsuite errors="0" failures="0" name="com.serenitydojo.wordle.integrationtests.api.PlayingTheGameTest" skipped="0" tests="6" time="0.52" timestamp="2024-01-15 10:49:34"><testcase classname="com.serenitydojo.wordle.integrationtests.api.PlayingTheGameTest" name="Should render each letter with the appropriate color"/><testcase classname="com.serenitydojo.wordle.integrationtests.api.PlayingTheGameTest" name="Should show row of colored cells"/></testsuite>