<?xml version="1.0" encoding="UTF-8" standalone="no"?><testsuite errors="0" failures="0" name="Game Rules" skipped="0" tests="8" time="1.04" timestamp="2023-08-08 03:15:39"><testcase name="Player runs out of tries"/><testcase name="Player guesses the right word"/><testcase name="Two incorrectly placed letters"/><testcase name="Letters that do not form valid words should be rejected"/><testcase name="Letters that are present but not in the right place"/><testcase name="Correctly placed letters"/></testsuite>