<?xml version="1.0" encoding="UTF-8" standalone="no"?><testsuite errors="0" failures="0" name="Game Rules" skipped="0" tests="8" time="0.58" timestamp="2023-06-12 08:59:21"><testcase name="Player runs out of tries"/><testcase name="Correctly placed letters"/><testcase name="Player guesses the right word"/><testcase name="Letters that do not form valid words should be rejected"/><testcase name="Letters that are present but not in the right place"/><testcase name="Two incorrectly placed letters"/></testsuite>