<?xml version="1.0" encoding="UTF-8"?><testsuite errors="0" failures="0" name="wordle.microservice.WhenPlayingTheGameViaTheAPI" skipped="0" tests="5" time="0.55" timestamp="2022-08-06 12:43:42"><testcase classname="wordle.microservice.WhenPlayingTheGameViaTheAPI" name="Fetching game history"/><testcase classname="wordle.microservice.WhenPlayingTheGameViaTheAPI" name="Playing a game with one try"/><testcase classname="wordle.microservice.WhenPlayingTheGameViaTheAPI" name="Creating a new game should return a unique id"/><testcase classname="wordle.microservice.WhenPlayingTheGameViaTheAPI" name="Trying to reveal the answer too soon"/><testcase classname="wordle.microservice.WhenPlayingTheGameViaTheAPI" name="Fetching the game state"/></testsuite>