<?xml version="1.0" encoding="UTF-8" standalone="no"?><testsuite errors="0" failures="0" name="com.serenitydojo.wordle.integrationtests.api.PlayingTheGameTest" skipped="0" tests="6" time="0.84" timestamp="2026-01-08 10:13:45"><testcase classname="com.serenitydojo.wordle.integrationtests.api.PlayingTheGameTest" name="Each cell should be rendered in the correct color"/><testcase classname="com.serenitydojo.wordle.integrationtests.api.PlayingTheGameTest" name="shouldShowRowOfColoredCells(String, String, String, String, String, String, String)"/></testsuite>