<?xml version="1.0" encoding="UTF-8"?><testsuite errors="0" failures="0" name="wordle.api.WhenPlayingTheGameViaTheAPI" skipped="0" tests="5" time="0.63" timestamp="2022-08-06 01:02:16"><testcase classname="wordle.api.WhenPlayingTheGameViaTheAPI" name="Fetching game history"/><testcase classname="wordle.api.WhenPlayingTheGameViaTheAPI" name="Playing a game with one try"/><testcase classname="wordle.api.WhenPlayingTheGameViaTheAPI" name="Creating a new game should return a unique id"/><testcase classname="wordle.api.WhenPlayingTheGameViaTheAPI" name="Trying to reveal the answer too soon"/><testcase classname="wordle.api.WhenPlayingTheGameViaTheAPI" name="Fetching the game state"/></testsuite>