<?xml version="1.0" encoding="UTF-8" standalone="no"?><testsuite errors="0" failures="0" name="Game Rules" skipped="0" tests="11" time="0.98" timestamp="2024-01-09 11:39:18"><testcase name="Player runs out of tries"/><testcase name="Letters should be displayed with the correct color"/><testcase name="Player guesses the right word"/><testcase name="Letters that are present but not in the right place"/><testcase name="Letters that do not form valid words should be rejected"/><testcase name="Correctly placed letters"/><testcase name="Two incorrectly placed letters"/></testsuite>