<?xml version="1.0" encoding="UTF-8" standalone="no"?><testsuite errors="0" failures="0" name="com.serenitydojo.wordle.integrationtests.api.PlayingTheGame" skipped="0" tests="6" time="3.33" timestamp="2024-01-07 09:12:21"><testcase classname="com.serenitydojo.wordle.integrationtests.api.PlayingTheGame" name="Should render each letter with the appropriate color"/><testcase classname="com.serenitydojo.wordle.integrationtests.api.PlayingTheGame" name="Should show row of colored cells"/></testsuite>