<?xml version="1.0" encoding="UTF-8"?><testsuite errors="0" failures="0" name="wordle.api.WhenPlayingTheGameViaTheAPI" skipped="0" tests="5" time="4.17" timestamp="2022-09-07 11:59:31"><testcase classname="wordle.api.WhenPlayingTheGameViaTheAPI" name="We make a move by posting a word to the with the /api/game/{id}/word end-point"/><testcase classname="wordle.api.WhenPlayingTheGameViaTheAPI" name="We create a new game with the /api/game end-point"/><testcase classname="wordle.api.WhenPlayingTheGameViaTheAPI" name="We can try to ask for the answer by sending a GET to /api/game/{id}/answer"/><testcase classname="wordle.api.WhenPlayingTheGameViaTheAPI" name="We can get the current game result by sending a GET to /api/game/{id}/result"/><testcase classname="wordle.api.WhenPlayingTheGameViaTheAPI" name="At any time we can check the current state of the game by sending a GET to /api/game/{id}/history"/></testsuite>